<?xml version="1.0" encoding="UTF-8"?>
<!-- Generated by org.testng.reporters.JUnitReportReporter -->
<testsuite skipped="2" hostname="Halimes-MacBook-Air.local" name="com.qa.verizon.tests.VerizonMainPageTest" tests="2" failures="0" timestamp="2020-07-22T06:11:15 EDT" time="0.000" errors="0">
  <testcase name="verifyVerizonHomePageTitleTest" time="0.000" classname="com.qa.verizon.tests.VerizonMainPageTest">
    <skipped/>
  </testcase> <!-- verifyVerizonHomePageTitleTest -->
  <system-out/>
  <testcase name="clickSmartPhoneTest" time="0.000" classname="com.qa.verizon.tests.VerizonMainPageTest">
    <skipped/>
  </testcase> <!-- clickSmartPhoneTest -->
  <system-out/>
</testsuite> <!-- com.qa.verizon.tests.VerizonMainPageTest -->
