<?xml version="1.0" encoding="UTF-8"?>
<!-- Generated by org.testng.reporters.JUnitReportReporter -->
<testsuite skipped="2" hostname="Halimes-MacBook-Air.local" name="com.qa.verizon.tests.FeaturesPageTest" tests="2" failures="0" timestamp="2020-07-20T16:15:49 EDT" time="0.000" errors="0">
  <testcase name="verifyFeaturesPageTitle" time="0.000" classname="com.qa.verizon.tests.FeaturesPageTest">
    <skipped/>
  </testcase> <!-- verifyFeaturesPageTitle -->
  <system-out/>
  <testcase name="selectPhoneFeatures" time="0.000" classname="com.qa.verizon.tests.FeaturesPageTest">
    <skipped/>
  </testcase> <!-- selectPhoneFeatures -->
  <system-out/>
</testsuite> <!-- com.qa.verizon.tests.FeaturesPageTest -->
