<?xml version="1.0" encoding="UTF-8"?>
<!-- Generated by org.testng.reporters.JUnitReportReporter -->
<testsuite skipped="2" hostname="Halimes-MacBook-Air.local" name="com.qa.verizon.tests.SmartPhonePageTest" tests="2" failures="0" timestamp="2020-07-20T16:15:49 EDT" time="0.000" errors="0">
  <testcase name="verifySmartPhonePageTitle" time="0.000" classname="com.qa.verizon.tests.SmartPhonePageTest">
    <skipped/>
  </testcase> <!-- verifySmartPhonePageTitle -->
  <system-out/>
  <testcase name="SelectSmartPhone" time="0.000" classname="com.qa.verizon.tests.SmartPhonePageTest">
    <skipped/>
  </testcase> <!-- SelectSmartPhone -->
  <system-out/>
</testsuite> <!-- com.qa.verizon.tests.SmartPhonePageTest -->
